<?xml version="1.0" encoding="UTF-8"?>
<robot generator="Robot 5.0.1 (Python 3.10.2 on win32)" generated="20220920 14:03:42.873" rpa="false" schemaversion="3">
<suite id="s1" name="SingleTestAndroid" source="C:\Users\vuchander\Jenkins\Tests\SingleTestAndroid.robot">
<test id="s1-t1" name="To check whether we can successfully login with correct Credentials" line="10">
<kw name="Open app" library="cloud_Providers">
<arg>BrowserStack</arg>
<kw name="Run Keyword If" library="BuiltIn">
<arg>"${cloud_name}"=="BrowserStack"</arg>
<arg>Open app with BrowserStack</arg>
<doc>Runs the given keyword with the given arguments, if ``condition`` is true.</doc>
<kw name="Open app with BrowserStack" library="cloud_Providers">
<kw name="Open Application" library="AppiumLibrary">
<arg>app=${app_id}</arg>
<arg>remote_url=${REMOTE_URL}</arg>
<arg>device=${device_name}</arg>
<arg>name=Automating_robot_app</arg>
<arg>build=browserstack-robot-framework</arg>
<doc>Opens a new application to given Appium server.
Capabilities of appium server, Android and iOS,
Please check https://github.com/appium/appium/blob/master/docs/en/writing-running-appium/server-args.md
| *Option*            | *Man.* | *Description*     |
| remote_url          | Yes    | Appium server url |
| alias               | no     | alias             |</doc>
<status status="PASS" starttime="20220920 14:03:43.143" endtime="20220920 14:04:10.396"/>
</kw>
<kw name="Sleep" library="BuiltIn">
<arg>5s</arg>
<doc>Pauses the test executed for the given time.</doc>
<msg timestamp="20220920 14:04:15.411" level="INFO">Slept 5 seconds</msg>
<status status="PASS" starttime="20220920 14:04:10.396" endtime="20220920 14:04:15.411"/>
</kw>
<status status="PASS" starttime="20220920 14:03:43.143" endtime="20220920 14:04:15.411"/>
</kw>
<status status="PASS" starttime="20220920 14:03:43.143" endtime="20220920 14:04:15.411"/>
</kw>
<kw name="Run Keyword If" library="BuiltIn">
<arg>"${cloud_name}"=="Perfecto"</arg>
<arg>Open app with Perfecto</arg>
<doc>Runs the given keyword with the given arguments, if ``condition`` is true.</doc>
<status status="PASS" starttime="20220920 14:04:15.411" endtime="20220920 14:04:15.411"/>
</kw>
<status status="PASS" starttime="20220920 14:03:43.143" endtime="20220920 14:04:15.411"/>
</kw>
<kw name="login with credientials" library="robertApp">
<arg>appiumtesting7@gmail.com</arg>
<arg>appiumtesting7</arg>
<kw name="Wait Until Element Is Visible" library="AppiumLibrary">
<arg>${open_Space_Btn}</arg>
<arg>15s</arg>
<doc>Waits until element specified with `locator` is visible.</doc>
<status status="PASS" starttime="20220920 14:04:15.411" endtime="20220920 14:04:16.467"/>
</kw>
<kw name="Click Element" library="AppiumLibrary">
<arg>${open_Space_Btn}</arg>
<doc>Click element identified by `locator`.</doc>
<msg timestamp="20220920 14:04:16.467" level="INFO">Clicking element '//*[@resource-id="new-server-view-open"]'.</msg>
<status status="PASS" starttime="20220920 14:04:16.467" endtime="20220920 14:04:17.421"/>
</kw>
<kw name="Wait Until Element Is Visible" library="AppiumLibrary">
<arg>${login_Btn}</arg>
<arg>15s</arg>
<doc>Waits until element specified with `locator` is visible.</doc>
<status status="PASS" starttime="20220920 14:04:17.421" endtime="20220920 14:04:20.980"/>
</kw>
<kw name="Click Element" library="AppiumLibrary">
<arg>${login_Btn}</arg>
<doc>Click element identified by `locator`.</doc>
<msg timestamp="20220920 14:04:20.980" level="INFO">Clicking element '//*[@resource-id="workspace-view-login"]'.</msg>
<status status="PASS" starttime="20220920 14:04:20.980" endtime="20220920 14:04:22.097"/>
</kw>
<kw name="Wait Until Element Is Visible" library="AppiumLibrary">
<arg>${username_Field}</arg>
<arg>15s</arg>
<doc>Waits until element specified with `locator` is visible.</doc>
<status status="PASS" starttime="20220920 14:04:22.097" endtime="20220920 14:04:23.532"/>
</kw>
<kw name="Input Text" library="AppiumLibrary">
<arg>${username_Field}</arg>
<arg>${username}</arg>
<doc>Types the given `text` into text field identified by `locator`.</doc>
<msg timestamp="20220920 14:04:23.532" level="INFO">Typing text 'appiumtesting7@gmail.com' into text field '//*[@content-desc="Username or email"]'</msg>
<status status="PASS" starttime="20220920 14:04:23.532" endtime="20220920 14:04:24.556"/>
</kw>
<kw name="Wait Until Element Is Visible" library="AppiumLibrary">
<arg>${password_Field}</arg>
<arg>15s</arg>
<doc>Waits until element specified with `locator` is visible.</doc>
<status status="PASS" starttime="20220920 14:04:24.556" endtime="20220920 14:04:26.106"/>
</kw>
<kw name="Input Text" library="AppiumLibrary">
<arg>${password_Field}</arg>
<arg>${password}</arg>
<doc>Types the given `text` into text field identified by `locator`.</doc>
<msg timestamp="20220920 14:04:26.106" level="INFO">Typing text 'appiumtesting7' into text field '//*[@content-desc="Password"]'</msg>
<status status="PASS" starttime="20220920 14:04:26.106" endtime="20220920 14:04:27.725"/>
</kw>
<kw name="Wait Until Element Is Visible" library="AppiumLibrary">
<arg>${submit_btn}</arg>
<arg>15s</arg>
<doc>Waits until element specified with `locator` is visible.</doc>
<status status="PASS" starttime="20220920 14:04:27.725" endtime="20220920 14:04:28.965"/>
</kw>
<kw name="Click Element" library="AppiumLibrary">
<arg>${submit_btn}</arg>
<doc>Click element identified by `locator`.</doc>
<msg timestamp="20220920 14:04:28.965" level="INFO">Clicking element '//*[@resource-id="login-view-submit"]'.</msg>
<status status="PASS" starttime="20220920 14:04:28.965" endtime="20220920 14:04:29.883"/>
</kw>
<status status="PASS" starttime="20220920 14:04:15.411" endtime="20220920 14:04:29.883"/>
</kw>
<kw name="Close app" library="KeywordsFile">
<kw name="Close Application" library="AppiumLibrary">
<doc>Closes the current application and also close webdriver session.</doc>
<status status="PASS" starttime="20220920 14:04:29.883" endtime="20220920 14:04:31.417"/>
</kw>
<status status="PASS" starttime="20220920 14:04:29.883" endtime="20220920 14:04:31.417"/>
</kw>
<doc>This test case verifies whether we can successfully login with correct username and password</doc>
<status status="PASS" starttime="20220920 14:03:43.143" endtime="20220920 14:04:31.417"/>
</test>
<status status="PASS" starttime="20220920 14:03:42.873" endtime="20220920 14:04:31.417"/>
</suite>
<statistics>
<total>
<stat pass="1" fail="0" skip="0">All Tests</stat>
</total>
<tag>
</tag>
<suite>
<stat pass="1" fail="0" skip="0" id="s1" name="SingleTestAndroid">SingleTestAndroid</stat>
</suite>
</statistics>
<errors>
</errors>
</robot>
