<?xml version="1.0" encoding="UTF-8"?>
<robot generator="Robot 5.0.1 (Python 3.10.2 on win32)" generated="20220912 13:33:49.322" rpa="false" schemaversion="3">
<suite id="s1" name="SingleTestAndroid" source="C:\Users\vuchander\POD5_Mobile_libs\Tests\SingleTestAndroid.robot">
<test id="s1-t1" name="To check whether we can successfully login with incorrect Credentials" line="16">
<kw name="Open app" library="cloud_Providers">
<arg>BrowserStack</arg>
<kw name="Run Keyword If" library="BuiltIn">
<arg>"${cloud_name}"=="BrowserStack"</arg>
<arg>Open app with BrowserStack</arg>
<doc>Runs the given keyword with the given arguments, if ``condition`` is true.</doc>
<kw name="Open app with BrowserStack" library="cloud_Providers">
<kw name="Open Application" library="AppiumLibrary">
<arg>app=${app_id}</arg>
<arg>remote_url=${REMOTE_URL}</arg>
<arg>device=${device_name}</arg>
<arg>name=Automating_robot_app</arg>
<arg>build=browserstack-robot-framework</arg>
<doc>Opens a new application to given Appium server.
Capabilities of appium server, Android and iOS,
Please check https://github.com/appium/appium/blob/master/docs/en/writing-running-appium/server-args.md
| *Option*            | *Man.* | *Description*     |
| remote_url          | Yes    | Appium server url |
| alias               | no     | alias             |</doc>
<status status="PASS" starttime="20220912 13:33:49.509" endtime="20220912 13:34:22.312"/>
</kw>
<kw name="Sleep" library="BuiltIn">
<arg>5s</arg>
<doc>Pauses the test executed for the given time.</doc>
<msg timestamp="20220912 13:34:27.314" level="INFO">Slept 5 seconds</msg>
<status status="PASS" starttime="20220912 13:34:22.312" endtime="20220912 13:34:27.314"/>
</kw>
<status status="PASS" starttime="20220912 13:33:49.509" endtime="20220912 13:34:27.315"/>
</kw>
<status status="PASS" starttime="20220912 13:33:49.509" endtime="20220912 13:34:27.315"/>
</kw>
<status status="PASS" starttime="20220912 13:33:49.509" endtime="20220912 13:34:27.316"/>
</kw>
<kw name="login with credientials" library="robertApp">
<arg>vfappiumtesting7@gmail.com</arg>
<arg>appium</arg>
<kw name="Wait Until Element Is Visible" library="AppiumLibrary">
<arg>${open_Space_Btn}</arg>
<arg>15s</arg>
<doc>Waits until element specified with `locator` is visible.</doc>
<status status="PASS" starttime="20220912 13:34:27.317" endtime="20220912 13:34:28.459"/>
</kw>
<kw name="Click Element" library="AppiumLibrary">
<arg>${open_Space_Btn}</arg>
<doc>Click element identified by `locator`.</doc>
<msg timestamp="20220912 13:34:28.460" level="INFO">Clicking element '//*[@resource-id="new-server-view-open"]'.</msg>
<status status="PASS" starttime="20220912 13:34:28.459" endtime="20220912 13:34:30.182"/>
</kw>
<kw name="Wait Until Element Is Visible" library="AppiumLibrary">
<arg>${login_Btn}</arg>
<arg>15s</arg>
<doc>Waits until element specified with `locator` is visible.</doc>
<status status="PASS" starttime="20220912 13:34:30.182" endtime="20220912 13:34:51.470"/>
</kw>
<kw name="Click Element" library="AppiumLibrary">
<arg>${login_Btn}</arg>
<doc>Click element identified by `locator`.</doc>
<msg timestamp="20220912 13:34:51.476" level="INFO">Clicking element '//*[@resource-id="workspace-view-login"]'.</msg>
<status status="PASS" starttime="20220912 13:34:51.470" endtime="20220912 13:34:52.821"/>
</kw>
<kw name="Wait Until Element Is Visible" library="AppiumLibrary">
<arg>${username_Field}</arg>
<arg>15s</arg>
<doc>Waits until element specified with `locator` is visible.</doc>
<status status="PASS" starttime="20220912 13:34:52.821" endtime="20220912 13:34:55.169"/>
</kw>
<kw name="Input Text" library="AppiumLibrary">
<arg>${username_Field}</arg>
<arg>${username}</arg>
<doc>Types the given `text` into text field identified by `locator`.</doc>
<msg timestamp="20220912 13:34:55.171" level="INFO">Typing text 'vfappiumtesting7@gmail.com' into text field '//*[@content-desc="Username or email"]'</msg>
<status status="PASS" starttime="20220912 13:34:55.169" endtime="20220912 13:34:56.666"/>
</kw>
<kw name="Wait Until Element Is Visible" library="AppiumLibrary">
<arg>${password_Field}</arg>
<arg>15s</arg>
<doc>Waits until element specified with `locator` is visible.</doc>
<status status="PASS" starttime="20220912 13:34:56.666" endtime="20220912 13:34:57.839"/>
</kw>
<kw name="Input Text" library="AppiumLibrary">
<arg>${password_Field}</arg>
<arg>${password}</arg>
<doc>Types the given `text` into text field identified by `locator`.</doc>
<msg timestamp="20220912 13:34:57.843" level="INFO">Typing text 'appium' into text field '//*[@content-desc="Password"]'</msg>
<status status="PASS" starttime="20220912 13:34:57.840" endtime="20220912 13:34:59.440"/>
</kw>
<kw name="Wait Until Element Is Visible" library="AppiumLibrary">
<arg>${submit_btn}</arg>
<arg>15s</arg>
<doc>Waits until element specified with `locator` is visible.</doc>
<status status="PASS" starttime="20220912 13:34:59.440" endtime="20220912 13:35:00.971"/>
</kw>
<kw name="Click Element" library="AppiumLibrary">
<arg>${submit_btn}</arg>
<doc>Click element identified by `locator`.</doc>
<msg timestamp="20220912 13:35:00.973" level="INFO">Clicking element '//*[@resource-id="login-view-submit"]'.</msg>
<status status="PASS" starttime="20220912 13:35:00.971" endtime="20220912 13:35:02.313"/>
</kw>
<status status="PASS" starttime="20220912 13:34:27.317" endtime="20220912 13:35:02.313"/>
</kw>
<kw name="validate error message is displayed successfully" library="robertApp">
<kw name="Wait Until Element Is Visible" library="AppiumLibrary">
<arg>${error_msg}</arg>
<arg>15s</arg>
<doc>Waits until element specified with `locator` is visible.</doc>
<status status="PASS" starttime="20220912 13:35:02.316" endtime="20220912 13:35:04.991"/>
</kw>
<kw name="Element Text Should Be" library="AppiumLibrary">
<arg>${error_msg}</arg>
<arg>Your credentials were rejected! Please try again.</arg>
<doc>Verifies element identified by ``locator`` exactly contains text ``expected``.</doc>
<msg timestamp="20220912 13:35:04.992" level="INFO">Verifying element '//*[@resource-id="android:id/message"]' contains exactly text 'Your credentials were rejected! Please try again.'.</msg>
<status status="PASS" starttime="20220912 13:35:04.991" endtime="20220912 13:35:06.794"/>
</kw>
<status status="PASS" starttime="20220912 13:35:02.315" endtime="20220912 13:35:06.794"/>
</kw>
<kw name="Close app" library="KeywordsFile">
<kw name="Close Application" library="AppiumLibrary">
<doc>Closes the current application and also close webdriver session.</doc>
<status status="PASS" starttime="20220912 13:35:06.795" endtime="20220912 13:35:08.376"/>
</kw>
<status status="PASS" starttime="20220912 13:35:06.795" endtime="20220912 13:35:08.376"/>
</kw>
<doc>This test case is used to verify whether we error message is displayed when we login with incorrect username and password</doc>
<status status="PASS" starttime="20220912 13:33:49.508" endtime="20220912 13:35:08.377"/>
</test>
<status status="PASS" starttime="20220912 13:33:49.324" endtime="20220912 13:35:08.379"/>
</suite>
<statistics>
<total>
<stat pass="1" fail="0" skip="0">All Tests</stat>
</total>
<tag>
</tag>
<suite>
<stat pass="1" fail="0" skip="0" id="s1" name="SingleTestAndroid">SingleTestAndroid</stat>
</suite>
</statistics>
<errors>
</errors>
</robot>
